#
# A fatal error has been detected by the Java Runtime Environment:
#
#  EXCEPTION_ACCESS_VIOLATION (0xc0000005) at pc=0x00007fff11a93416, pid=21820, tid=3612
#
# JRE version: OpenJDK Runtime Environment (11.0.5+10) (build 11.0.5+10-b520.38)
# Java VM: OpenJDK 64-Bit Server VM (11.0.5+10-b520.38, mixed mode, tiered, compressed oops, g1 gc, windows-amd64)
# Problematic frame:
# C  [ntdll.dll+0x63416]
#
# No core dump will be written. Minidumps are not enabled by default on client versions of Windows
#
# If you would like to submit a bug report, please visit:
#   http://bugreport.java.com/bugreport/crash.jsp
# The crash happened outside the Java Virtual Machine in native code.
# See problematic frame for where to report the bug.
#

---------------  S U M M A R Y ------------

Command Line: -javaagent:C:\Program Files\JetBrains\IntelliJ IDEA Community Edition 2019.3.2\lib\idea_rt.jar=49556:C:\Program Files\JetBrains\IntelliJ IDEA Community Edition 2019.3.2\bin -Dfile.encoding=UTF-8 TestClient_t

Host: Intel(R) Core(TM) i7-8750H CPU @ 2.20GHz, 12 cores, 7G,  Windows 10 , 64 bit Build 19041 (10.0.19041.928)
Time: Fri Apr 23 17:38:23 2021 India Standard Time elapsed time: 9 seconds (0d 0h 0m 9s)

---------------  T H R E A D  ---------------

Current thread (0x00000248fa4e7800):  JavaThread "main" [_thread_in_native, id=3612, stack(0x000000739e700000,0x000000739e800000)]

Stack: [0x000000739e700000,0x000000739e800000],  sp=0x000000739e7ff350,  free space=1020k
Native frames: (J=compiled Java code, j=interpreted, Vv=VM code, C=native code)
C  [ntdll.dll+0x63416]
C  [ntdll.dll+0x2fcb4]
C  [ntdll.dll+0x2fae2]
C  [MsmqJava.dll+0x17a2]

Java frames: (J=compiled Java code, j=interpreted, Vv=VM code)
j  ionic.Msmq.Queue.nativeOpenQueue(Ljava/lang/String;)I+0
j  ionic.Msmq.Queue._init(Ljava/lang/String;IZ)V+9
j  ionic.Msmq.Queue.<init>(Ljava/lang/String;)V+8
j  TestClient_t.Open()V+59
j  TestClient_t.Run()V+87
j  TestClient_t.main([Ljava/lang/String;)V+9
v  ~StubRoutines::call_stub

siginfo: EXCEPTION_ACCESS_VIOLATION (0xc0000005), writing address 0x0000000000000024


Register to memory mapping:

RIP=0x00007fff11a93416 ntdll.dll
RAX=0x0 is NULL
RBX=0x00007ffedbdd65b0 MsmqJava.dll
RCX=0x00007ffedbdd65b0 MsmqJava.dll
RDX=
[error occurred during error reporting (printing register info), id 0xc0000005, EXCEPTION_ACCESS_VIOLATION (0xc0000005) at pc=0x00007ffe97556a77]

Registers:
RAX=0x0000000000000000, RBX=0x00007ffedbdd65b0, RCX=0x00007ffedbdd65b0, RDX=0x00000000fffffffa
RSP=0x000000739e7ff350, RBP=0x000000739e7ff500, RSI=0x0000000000000000, RDI=0x0000000000000000
R8 =0x0000000000000000, R9 =0x00007ffedbdd6500, R10=0x0000000000008000, R11=0x000000739e7ff450
R12=0x0000000000000000, R13=0x000000739e262000, R14=0x0000000000000001, R15=0x0000000000000000
RIP=0x00007fff11a93416, EFLAGS=0x0000000000010213

Top of Stack: (sp=0x000000739e7ff350)
0x000000739e7ff350:   ffffffffffffffff 00007ffedbdd65b0
0x000000739e7ff360:   001100a500b8006b 00000000007f00ff
0x000000739e7ff370:   0000001700000015 0000000000000000
0x000000739e7ff380:   0000000000000068 0000000000000000
0x000000739e7ff390:   2013005300270000 00000000fffffffa
0x000000739e7ff3a0:   000000739e262000 0000000000020048
0x000000739e7ff3b0:   000000000000001a 00007fff11a55ba1
0x000000739e7ff3c0:   0000000000000000 000000000000001a
0x000000739e7ff3d0:   00000248fa4e7800 000000739e7f0000
0x000000739e7ff3e0:   0000bf862d8a8b63 00007ffe9785029a
0x000000739e7ff3f0:   0000000000000000 0000000000000001
0x000000739e7ff400:   0000000000000001 0000000000000001
0x000000739e7ff410:   0000000000000000 00007ffedbdd65b0
0x000000739e7ff420:   000000739e7ff500 00007fff11a5fcb4
0x000000739e7ff430:   0000000000000003 00000248fa4e7b40
0x000000739e7ff440:   00000000fffffffa 00000248968098d0 

Instructions: (pc=0x00007fff11a93416)
0x00007fff11a93316:   20 e9 ed fe ff ff 48 89 41 18 e9 e4 fe ff ff cc
0x00007fff11a93326:   cc cc cc cc cc cc cc cc cc cc 80 3d d1 71 10 00
0x00007fff11a93336:   00 0f 95 c0 c3 cc cc cc cc cc cc cc cc cc cc cc
0x00007fff11a93346:   cc cc cc cc cc cc cc cc cc cc 48 83 ec 38 8b 05
0x00007fff11a93356:   d2 57 10 00 89 44 24 20 e8 41 02 00 00 48 83 c4
0x00007fff11a93366:   38 c3 cc cc cc cc cc cc cc cc 48 89 5c 24 18 55
0x00007fff11a93376:   56 57 41 54 41 55 41 56 41 57 48 81 ec a0 00 00
0x00007fff11a93386:   00 48 8b 05 82 f1 11 00 48 33 c4 48 89 84 24 90
0x00007fff11a93396:   00 00 00 65 4c 8b 2c 25 30 00 00 00 48 8d 05 4f
0x00007fff11a933a6:   11 10 00 40 32 ed 89 54 24 48 33 f6 40 88 6c 24
0x00007fff11a933b6:   40 4c 89 6c 24 50 48 8b d9 44 8b e6 48 3b c8 0f
0x00007fff11a933c6:   84 39 01 00 00 40 38 35 36 71 10 00 0f 85 a8 01
0x00007fff11a933d6:   00 00 39 35 4a 71 10 00 0f 85 6a 01 00 00 40 38
0x00007fff11a933e6:   35 0d 6c 10 00 48 8d 3d 0e 6c 10 00 48 0f 45 fe
0x00007fff11a933f6:   48 39 73 18 0f 84 d2 00 00 00 48 8b 03 48 83 f8
0x00007fff11a93406:   ff 0f 84 d2 00 00 00 44 8b fe 48 83 f8 ff 74 03
0x00007fff11a93416:   ff 40 24 4c 8b 73 18 4c 8d 2d d4 10 10 00 bd 22
0x00007fff11a93426:   17 00 00 e8 22 14 fc ff 85 c0 0f 85 7e b2 05 00
0x00007fff11a93436:   b9 82 03 fe 7f 80 39 00 0f 85 8c b2 05 00 49 83
0x00007fff11a93446:   fe ff 0f 85 1a b3 05 00 4c 8b cf c7 44 24 20 00
0x00007fff11a93456:   00 00 00 41 b8 04 00 00 00 48 8d 54 24 48 48 8d
0x00007fff11a93466:   4b 08 e8 37 01 00 00 3d 02 01 00 00 0f 84 03 b3
0x00007fff11a93476:   05 00 8b 4b 08 89 4c 24 48 f6 c1 02 75 ca 3d 02
0x00007fff11a93486:   01 00 00 0f 84 ec b2 05 00 0f b6 6c 24 40 4c 8b
0x00007fff11a93496:   6c 24 50 85 c0 0f 88 38 b4 05 00 40 84 ed 75 73
0x00007fff11a934a6:   48 8b 8c 24 90 00 00 00 48 33 cc e8 8a 8d 02 00
0x00007fff11a934b6:   48 8b 9c 24 f0 00 00 00 48 81 c4 a0 00 00 00 41
0x00007fff11a934c6:   5f 41 5e 41 5d 41 5c 5f 5e 5d c3 cc 48 8b cb e8
0x00007fff11a934d6:   56 05 00 00 e9 21 ff ff ff 8b 4b 20 48 c7 c0 ff
0x00007fff11a934e6:   ff ff ff 48 0f ba e1 18 0f 82 19 ff ff ff 48 8b
0x00007fff11a934f6:   cb e8 44 e3 fa ff 48 8b 03 e9 09 ff ff ff c6 44
0x00007fff11a93506:   24 40 01 41 c7 85 60 17 00 00 01 00 00 00 e9 b2 


Stack slot to memory mapping:
stack at sp + 0 slots: 0xffffffffffffffff is an unknown value
stack at sp + 1 slots: 0x00007ffedbdd65b0 MsmqJava.dll
stack at sp + 2 slots: 0x001100a500b8006b is an unknown value
stack at sp + 3 slots: 0x00000000007f00ff is an unknown value
stack at sp + 4 slots: 0x0000001700000015 is an unknown value
stack at sp + 5 slots: 0x0 is NULL
stack at sp + 6 slots: 0x0000000000000068 is an unknown value
stack at sp + 7 slots: 0x0 is NULL


---------------  P R O C E S S  ---------------

Threads class SMR info:
_java_thread_list=0x000002489662a310, length=11, elements={
0x00000248fa4e7800, 0x0000024895a82800, 0x0000024895a84000, 0x0000024896313800,
0x0000024896314800, 0x0000024896316000, 0x000002489631a000, 0x000002489631b000,
0x000002489641e800, 0x0000024896845800, 0x0000024896846800
}

Java Threads: ( => current thread )
=>0x00000248fa4e7800 JavaThread "main" [_thread_in_native, id=3612, stack(0x000000739e700000,0x000000739e800000)]
  0x0000024895a82800 JavaThread "Reference Handler" daemon [_thread_blocked, id=10772, stack(0x000000739ee00000,0x000000739ef00000)]
  0x0000024895a84000 JavaThread "Finalizer" daemon [_thread_blocked, id=22600, stack(0x000000739ef00000,0x000000739f000000)]
  0x0000024896313800 JavaThread "Signal Dispatcher" daemon [_thread_blocked, id=25588, stack(0x000000739f000000,0x000000739f100000)]
  0x0000024896314800 JavaThread "Attach Listener" daemon [_thread_blocked, id=26324, stack(0x000000739f100000,0x000000739f200000)]
  0x0000024896316000 JavaThread "C2 CompilerThread0" daemon [_thread_blocked, id=21712, stack(0x000000739f200000,0x000000739f300000)]
  0x000002489631a000 JavaThread "C1 CompilerThread0" daemon [_thread_blocked, id=24496, stack(0x000000739f300000,0x000000739f400000)]
  0x000002489631b000 JavaThread "Sweeper thread" daemon [_thread_blocked, id=5564, stack(0x000000739f400000,0x000000739f500000)]
  0x000002489641e800 JavaThread "Common-Cleaner" daemon [_thread_blocked, id=13872, stack(0x000000739f500000,0x000000739f600000)]
  0x0000024896845800 JavaThread "Monitor Ctrl-Break" daemon [_thread_in_native, id=16368, stack(0x000000739f700000,0x000000739f800000)]
  0x0000024896846800 JavaThread "Service Thread" daemon [_thread_blocked, id=17584, stack(0x000000739f800000,0x000000739f900000)]

Other Threads:
  0x0000024895a7f800 VMThread "VM Thread" [stack: 0x000000739ed00000,0x000000739ee00000] [id=22496]
  0x0000024896666800 WatcherThread [stack: 0x000000739f900000,0x000000739fa00000] [id=4340]
  0x00000248fa500800 GCTaskThread "GC Thread#0" [stack: 0x000000739e800000,0x000000739e900000] [id=3096]
  0x00000248fa52f800 ConcurrentGCThread "G1 Main Marker" [stack: 0x000000739e900000,0x000000739ea00000] [id=23536]
  0x00000248fa531000 ConcurrentGCThread "G1 Conc#0" [stack: 0x000000739ea00000,0x000000739eb00000] [id=22512]
  0x00000248958e5800 ConcurrentGCThread "G1 Refine#0" [stack: 0x000000739eb00000,0x000000739ec00000] [id=26556]
  0x00000248958e6800 ConcurrentGCThread "G1 Young RemSet Sampling" [stack: 0x000000739ec00000,0x000000739ed00000] [id=12168]

Threads with active compile tasks:

VM state:not at safepoint (normal execution)

VM Mutex/Monitor currently owned by a thread: None

Heap address: 0x0000000081e00000, size: 2018 MB, Compressed Oops mode: 32-bit
Narrow klass base: 0x0000000000000000, Narrow klass shift: 3
Compressed class space size: 1073741824 Address: 0x0000000100000000

Heap:
 garbage-first heap   total 131072K, used 4096K [0x0000000081e00000, 0x0000000100000000)
  region size 1024K, 5 young (5120K), 0 survivors (0K)
 Metaspace       used 8017K, capacity 8179K, committed 8320K, reserved 1056768K
  class space    used 737K, capacity 791K, committed 896K, reserved 1048576K
Heap Regions: E=young(eden), S=young(survivor), O=old, HS=humongous(starts), HC=humongous(continues), CS=collection set, F=free, A=archive, TAMS=top-at-mark-start (previous, next)
|   0|0x0000000081e00000, 0x0000000081e00000, 0x0000000081f00000|  0%| F|  |TAMS 0x0000000081e00000, 0x0000000081e00000| Untracked 
|   1|0x0000000081f00000, 0x0000000081f00000, 0x0000000082000000|  0%| F|  |TAMS 0x0000000081f00000, 0x0000000081f00000| Untracked 
|   2|0x0000000082000000, 0x0000000082000000, 0x0000000082100000|  0%| F|  |TAMS 0x0000000082000000, 0x0000000082000000| Untracked 
|   3|0x0000000082100000, 0x0000000082100000, 0x0000000082200000|  0%| F|  |TAMS 0x0000000082100000, 0x0000000082100000| Untracked 
|   4|0x0000000082200000, 0x0000000082200000, 0x0000000082300000|  0%| F|  |TAMS 0x0000000082200000, 0x0000000082200000| Untracked 
|   5|0x0000000082300000, 0x0000000082300000, 0x0000000082400000|  0%| F|  |TAMS 0x0000000082300000, 0x0000000082300000| Untracked 
|   6|0x0000000082400000, 0x0000000082400000, 0x0000000082500000|  0%| F|  |TAMS 0x0000000082400000, 0x0000000082400000| Untracked 
|   7|0x0000000082500000, 0x0000000082500000, 0x0000000082600000|  0%| F|  |TAMS 0x0000000082500000, 0x0000000082500000| Untracked 
|   8|0x0000000082600000, 0x0000000082600000, 0x0000000082700000|  0%| F|  |TAMS 0x0000000082600000, 0x0000000082600000| Untracked 
|   9|0x0000000082700000, 0x0000000082700000, 0x0000000082800000|  0%| F|  |TAMS 0x0000000082700000, 0x0000000082700000| Untracked 
|  10|0x0000000082800000, 0x0000000082800000, 0x0000000082900000|  0%| F|  |TAMS 0x0000000082800000, 0x0000000082800000| Untracked 
|  11|0x0000000082900000, 0x0000000082900000, 0x0000000082a00000|  0%| F|  |TAMS 0x0000000082900000, 0x0000000082900000| Untracked 
|  12|0x0000000082a00000, 0x0000000082a00000, 0x0000000082b00000|  0%| F|  |TAMS 0x0000000082a00000, 0x0000000082a00000| Untracked 
|  13|0x0000000082b00000, 0x0000000082b00000, 0x0000000082c00000|  0%| F|  |TAMS 0x0000000082b00000, 0x0000000082b00000| Untracked 
|  14|0x0000000082c00000, 0x0000000082c00000, 0x0000000082d00000|  0%| F|  |TAMS 0x0000000082c00000, 0x0000000082c00000| Untracked 
|  15|0x0000000082d00000, 0x0000000082d00000, 0x0000000082e00000|  0%| F|  |TAMS 0x0000000082d00000, 0x0000000082d00000| Untracked 
|  16|0x0000000082e00000, 0x0000000082e00000, 0x0000000082f00000|  0%| F|  |TAMS 0x0000000082e00000, 0x0000000082e00000| Untracked 
|  17|0x0000000082f00000, 0x0000000082f00000, 0x0000000083000000|  0%| F|  |TAMS 0x0000000082f00000, 0x0000000082f00000| Untracked 
|  18|0x0000000083000000, 0x0000000083000000, 0x0000000083100000|  0%| F|  |TAMS 0x0000000083000000, 0x0000000083000000| Untracked 
|  19|0x0000000083100000, 0x0000000083100000, 0x0000000083200000|  0%| F|  |TAMS 0x0000000083100000, 0x0000000083100000| Untracked 
|  20|0x0000000083200000, 0x0000000083200000, 0x0000000083300000|  0%| F|  |TAMS 0x0000000083200000, 0x0000000083200000| Untracked 
|  21|0x0000000083300000, 0x0000000083300000, 0x0000000083400000|  0%| F|  |TAMS 0x0000000083300000, 0x0000000083300000| Untracked 
|  22|0x0000000083400000, 0x0000000083400000, 0x0000000083500000|  0%| F|  |TAMS 0x0000000083400000, 0x0000000083400000| Untracked 
|  23|0x0000000083500000, 0x0000000083500000, 0x0000000083600000|  0%| F|  |TAMS 0x0000000083500000, 0x0000000083500000| Untracked 
|  24|0x0000000083600000, 0x0000000083600000, 0x0000000083700000|  0%| F|  |TAMS 0x0000000083600000, 0x0000000083600000| Untracked 
|  25|0x0000000083700000, 0x0000000083700000, 0x0000000083800000|  0%| F|  |TAMS 0x0000000083700000, 0x0000000083700000| Untracked 
|  26|0x0000000083800000, 0x0000000083800000, 0x0000000083900000|  0%| F|  |TAMS 0x0000000083800000, 0x0000000083800000| Untracked 
|  27|0x0000000083900000, 0x0000000083900000, 0x0000000083a00000|  0%| F|  |TAMS 0x0000000083900000, 0x0000000083900000| Untracked 
|  28|0x0000000083a00000, 0x0000000083a00000, 0x0000000083b00000|  0%| F|  |TAMS 0x0000000083a00000, 0x0000000083a00000| Untracked 
|  29|0x0000000083b00000, 0x0000000083b00000, 0x0000000083c00000|  0%| F|  |TAMS 0x0000000083b00000, 0x0000000083b00000| Untracked 
|  30|0x0000000083c00000, 0x0000000083c00000, 0x0000000083d00000|  0%| F|  |TAMS 0x0000000083c00000, 0x0000000083c00000| Untracked 
|  31|0x0000000083d00000, 0x0000000083d00000, 0x0000000083e00000|  0%| F|  |TAMS 0x0000000083d00000, 0x0000000083d00000| Untracked 
|  32|0x0000000083e00000, 0x0000000083e00000, 0x0000000083f00000|  0%| F|  |TAMS 0x0000000083e00000, 0x0000000083e00000| Untracked 
|  33|0x0000000083f00000, 0x0000000083f00000, 0x0000000084000000|  0%| F|  |TAMS 0x0000000083f00000, 0x0000000083f00000| Untracked 
|  34|0x0000000084000000, 0x0000000084000000, 0x0000000084100000|  0%| F|  |TAMS 0x0000000084000000, 0x0000000084000000| Untracked 
|  35|0x0000000084100000, 0x0000000084100000, 0x0000000084200000|  0%| F|  |TAMS 0x0000000084100000, 0x0000000084100000| Untracked 
|  36|0x0000000084200000, 0x0000000084200000, 0x0000000084300000|  0%| F|  |TAMS 0x0000000084200000, 0x0000000084200000| Untracked 
|  37|0x0000000084300000, 0x0000000084300000, 0x0000000084400000|  0%| F|  |TAMS 0x0000000084300000, 0x0000000084300000| Untracked 
|  38|0x0000000084400000, 0x0000000084400000, 0x0000000084500000|  0%| F|  |TAMS 0x0000000084400000, 0x0000000084400000| Untracked 
|  39|0x0000000084500000, 0x0000000084500000, 0x0000000084600000|  0%| F|  |TAMS 0x0000000084500000, 0x0000000084500000| Untracked 
|  40|0x0000000084600000, 0x0000000084600000, 0x0000000084700000|  0%| F|  |TAMS 0x0000000084600000, 0x0000000084600000| Untracked 
|  41|0x0000000084700000, 0x0000000084700000, 0x0000000084800000|  0%| F|  |TAMS 0x0000000084700000, 0x0000000084700000| Untracked 
|  42|0x0000000084800000, 0x0000000084800000, 0x0000000084900000|  0%| F|  |TAMS 0x0000000084800000, 0x0000000084800000| Untracked 
|  43|0x0000000084900000, 0x0000000084900000, 0x0000000084a00000|  0%| F|  |TAMS 0x0000000084900000, 0x0000000084900000| Untracked 
|  44|0x0000000084a00000, 0x0000000084a00000, 0x0000000084b00000|  0%| F|  |TAMS 0x0000000084a00000, 0x0000000084a00000| Untracked 
|  45|0x0000000084b00000, 0x0000000084b00000, 0x0000000084c00000|  0%| F|  |TAMS 0x0000000084b00000, 0x0000000084b00000| Untracked 
|  46|0x0000000084c00000, 0x0000000084c00000, 0x0000000084d00000|  0%| F|  |TAMS 0x0000000084c00000, 0x0000000084c00000| Untracked 
|  47|0x0000000084d00000, 0x0000000084d00000, 0x0000000084e00000|  0%| F|  |TAMS 0x0000000084d00000, 0x0000000084d00000| Untracked 
|  48|0x0000000084e00000, 0x0000000084e00000, 0x0000000084f00000|  0%| F|  |TAMS 0x0000000084e00000, 0x0000000084e00000| Untracked 
|  49|0x0000000084f00000, 0x0000000084f00000, 0x0000000085000000|  0%| F|  |TAMS 0x0000000084f00000, 0x0000000084f00000| Untracked 
|  50|0x0000000085000000, 0x0000000085000000, 0x0000000085100000|  0%| F|  |TAMS 0x0000000085000000, 0x0000000085000000| Untracked 
|  51|0x0000000085100000, 0x0000000085100000, 0x0000000085200000|  0%| F|  |TAMS 0x0000000085100000, 0x0000000085100000| Untracked 
|  52|0x0000000085200000, 0x0000000085200000, 0x0000000085300000|  0%| F|  |TAMS 0x0000000085200000, 0x0000000085200000| Untracked 
|  53|0x0000000085300000, 0x0000000085300000, 0x0000000085400000|  0%| F|  |TAMS 0x0000000085300000, 0x0000000085300000| Untracked 
|  54|0x0000000085400000, 0x0000000085400000, 0x0000000085500000|  0%| F|  |TAMS 0x0000000085400000, 0x0000000085400000| Untracked 
|  55|0x0000000085500000, 0x0000000085500000, 0x0000000085600000|  0%| F|  |TAMS 0x0000000085500000, 0x0000000085500000| Untracked 
|  56|0x0000000085600000, 0x0000000085600000, 0x0000000085700000|  0%| F|  |TAMS 0x0000000085600000, 0x0000000085600000| Untracked 
|  57|0x0000000085700000, 0x0000000085700000, 0x0000000085800000|  0%| F|  |TAMS 0x0000000085700000, 0x0000000085700000| Untracked 
|  58|0x0000000085800000, 0x0000000085800000, 0x0000000085900000|  0%| F|  |TAMS 0x0000000085800000, 0x0000000085800000| Untracked 
|  59|0x0000000085900000, 0x0000000085900000, 0x0000000085a00000|  0%| F|  |TAMS 0x0000000085900000, 0x0000000085900000| Untracked 
|  60|0x0000000085a00000, 0x0000000085a00000, 0x0000000085b00000|  0%| F|  |TAMS 0x0000000085a00000, 0x0000000085a00000| Untracked 
|  61|0x0000000085b00000, 0x0000000085b00000, 0x0000000085c00000|  0%| F|  |TAMS 0x0000000085b00000, 0x0000000085b00000| Untracked 
|  62|0x0000000085c00000, 0x0000000085c00000, 0x0000000085d00000|  0%| F|  |TAMS 0x0000000085c00000, 0x0000000085c00000| Untracked 
|  63|0x0000000085d00000, 0x0000000085d00000, 0x0000000085e00000|  0%| F|  |TAMS 0x0000000085d00000, 0x0000000085d00000| Untracked 
|  64|0x0000000085e00000, 0x0000000085e00000, 0x0000000085f00000|  0%| F|  |TAMS 0x0000000085e00000, 0x0000000085e00000| Untracked 
|  65|0x0000000085f00000, 0x0000000085f00000, 0x0000000086000000|  0%| F|  |TAMS 0x0000000085f00000, 0x0000000085f00000| Untracked 
|  66|0x0000000086000000, 0x0000000086000000, 0x0000000086100000|  0%| F|  |TAMS 0x0000000086000000, 0x0000000086000000| Untracked 
|  67|0x0000000086100000, 0x0000000086100000, 0x0000000086200000|  0%| F|  |TAMS 0x0000000086100000, 0x0000000086100000| Untracked 
|  68|0x0000000086200000, 0x0000000086200000, 0x0000000086300000|  0%| F|  |TAMS 0x0000000086200000, 0x0000000086200000| Untracked 
|  69|0x0000000086300000, 0x0000000086300000, 0x0000000086400000|  0%| F|  |TAMS 0x0000000086300000, 0x0000000086300000| Untracked 
|  70|0x0000000086400000, 0x0000000086400000, 0x0000000086500000|  0%| F|  |TAMS 0x0000000086400000, 0x0000000086400000| Untracked 
|  71|0x0000000086500000, 0x0000000086500000, 0x0000000086600000|  0%| F|  |TAMS 0x0000000086500000, 0x0000000086500000| Untracked 
|  72|0x0000000086600000, 0x0000000086600000, 0x0000000086700000|  0%| F|  |TAMS 0x0000000086600000, 0x0000000086600000| Untracked 
|  73|0x0000000086700000, 0x0000000086700000, 0x0000000086800000|  0%| F|  |TAMS 0x0000000086700000, 0x0000000086700000| Untracked 
|  74|0x0000000086800000, 0x0000000086800000, 0x0000000086900000|  0%| F|  |TAMS 0x0000000086800000, 0x0000000086800000| Untracked 
|  75|0x0000000086900000, 0x0000000086900000, 0x0000000086a00000|  0%| F|  |TAMS 0x0000000086900000, 0x0000000086900000| Untracked 
|  76|0x0000000086a00000, 0x0000000086a00000, 0x0000000086b00000|  0%| F|  |TAMS 0x0000000086a00000, 0x0000000086a00000| Untracked 
|  77|0x0000000086b00000, 0x0000000086b00000, 0x0000000086c00000|  0%| F|  |TAMS 0x0000000086b00000, 0x0000000086b00000| Untracked 
|  78|0x0000000086c00000, 0x0000000086c00000, 0x0000000086d00000|  0%| F|  |TAMS 0x0000000086c00000, 0x0000000086c00000| Untracked 
|  79|0x0000000086d00000, 0x0000000086d00000, 0x0000000086e00000|  0%| F|  |TAMS 0x0000000086d00000, 0x0000000086d00000| Untracked 
|  80|0x0000000086e00000, 0x0000000086e00000, 0x0000000086f00000|  0%| F|  |TAMS 0x0000000086e00000, 0x0000000086e00000| Untracked 
|  81|0x0000000086f00000, 0x0000000086f00000, 0x0000000087000000|  0%| F|  |TAMS 0x0000000086f00000, 0x0000000086f00000| Untracked 
|  82|0x0000000087000000, 0x0000000087000000, 0x0000000087100000|  0%| F|  |TAMS 0x0000000087000000, 0x0000000087000000| Untracked 
|  83|0x0000000087100000, 0x0000000087100000, 0x0000000087200000|  0%| F|  |TAMS 0x0000000087100000, 0x0000000087100000| Untracked 
|  84|0x0000000087200000, 0x0000000087200000, 0x0000000087300000|  0%| F|  |TAMS 0x0000000087200000, 0x0000000087200000| Untracked 
|  85|0x0000000087300000, 0x0000000087300000, 0x0000000087400000|  0%| F|  |TAMS 0x0000000087300000, 0x0000000087300000| Untracked 
|  86|0x0000000087400000, 0x0000000087400000, 0x0000000087500000|  0%| F|  |TAMS 0x0000000087400000, 0x0000000087400000| Untracked 
|  87|0x0000000087500000, 0x0000000087500000, 0x0000000087600000|  0%| F|  |TAMS 0x0000000087500000, 0x0000000087500000| Untracked 
|  88|0x0000000087600000, 0x0000000087600000, 0x0000000087700000|  0%| F|  |TAMS 0x0000000087600000, 0x0000000087600000| Untracked 
|  89|0x0000000087700000, 0x0000000087700000, 0x0000000087800000|  0%| F|  |TAMS 0x0000000087700000, 0x0000000087700000| Untracked 
|  90|0x0000000087800000, 0x0000000087800000, 0x0000000087900000|  0%| F|  |TAMS 0x0000000087800000, 0x0000000087800000| Untracked 
|  91|0x0000000087900000, 0x0000000087900000, 0x0000000087a00000|  0%| F|  |TAMS 0x0000000087900000, 0x0000000087900000| Untracked 
|  92|0x0000000087a00000, 0x0000000087a00000, 0x0000000087b00000|  0%| F|  |TAMS 0x0000000087a00000, 0x0000000087a00000| Untracked 
|  93|0x0000000087b00000, 0x0000000087b00000, 0x0000000087c00000|  0%| F|  |TAMS 0x0000000087b00000, 0x0000000087b00000| Untracked 
|  94|0x0000000087c00000, 0x0000000087c00000, 0x0000000087d00000|  0%| F|  |TAMS 0x0000000087c00000, 0x0000000087c00000| Untracked 
|  95|0x0000000087d00000, 0x0000000087d00000, 0x0000000087e00000|  0%| F|  |TAMS 0x0000000087d00000, 0x0000000087d00000| Untracked 
|  96|0x0000000087e00000, 0x0000000087e00000, 0x0000000087f00000|  0%| F|  |TAMS 0x0000000087e00000, 0x0000000087e00000| Untracked 
|  97|0x0000000087f00000, 0x0000000087f00000, 0x0000000088000000|  0%| F|  |TAMS 0x0000000087f00000, 0x0000000087f00000| Untracked 
|  98|0x0000000088000000, 0x0000000088000000, 0x0000000088100000|  0%| F|  |TAMS 0x0000000088000000, 0x0000000088000000| Untracked 
|  99|0x0000000088100000, 0x0000000088100000, 0x0000000088200000|  0%| F|  |TAMS 0x0000000088100000, 0x0000000088100000| Untracked 
| 100|0x0000000088200000, 0x0000000088200000, 0x0000000088300000|  0%| F|  |TAMS 0x0000000088200000, 0x0000000088200000| Untracked 
| 101|0x0000000088300000, 0x0000000088300000, 0x0000000088400000|  0%| F|  |TAMS 0x0000000088300000, 0x0000000088300000| Untracked 
| 102|0x0000000088400000, 0x0000000088400000, 0x0000000088500000|  0%| F|  |TAMS 0x0000000088400000, 0x0000000088400000| Untracked 
| 103|0x0000000088500000, 0x0000000088500000, 0x0000000088600000|  0%| F|  |TAMS 0x0000000088500000, 0x0000000088500000| Untracked 
| 104|0x0000000088600000, 0x0000000088600000, 0x0000000088700000|  0%| F|  |TAMS 0x0000000088600000, 0x0000000088600000| Untracked 
| 105|0x0000000088700000, 0x0000000088700000, 0x0000000088800000|  0%| F|  |TAMS 0x0000000088700000, 0x0000000088700000| Untracked 
| 106|0x0000000088800000, 0x0000000088800000, 0x0000000088900000|  0%| F|  |TAMS 0x0000000088800000, 0x0000000088800000| Untracked 
| 107|0x0000000088900000, 0x0000000088900000, 0x0000000088a00000|  0%| F|  |TAMS 0x0000000088900000, 0x0000000088900000| Untracked 
| 108|0x0000000088a00000, 0x0000000088a00000, 0x0000000088b00000|  0%| F|  |TAMS 0x0000000088a00000, 0x0000000088a00000| Untracked 
| 109|0x0000000088b00000, 0x0000000088b00000, 0x0000000088c00000|  0%| F|  |TAMS 0x0000000088b00000, 0x0000000088b00000| Untracked 
| 110|0x0000000088c00000, 0x0000000088c00000, 0x0000000088d00000|  0%| F|  |TAMS 0x0000000088c00000, 0x0000000088c00000| Untracked 
| 111|0x0000000088d00000, 0x0000000088d00000, 0x0000000088e00000|  0%| F|  |TAMS 0x0000000088d00000, 0x0000000088d00000| Untracked 
| 112|0x0000000088e00000, 0x0000000088e00000, 0x0000000088f00000|  0%| F|  |TAMS 0x0000000088e00000, 0x0000000088e00000| Untracked 
| 113|0x0000000088f00000, 0x0000000088f00000, 0x0000000089000000|  0%| F|  |TAMS 0x0000000088f00000, 0x0000000088f00000| Untracked 
| 114|0x0000000089000000, 0x0000000089000000, 0x0000000089100000|  0%| F|  |TAMS 0x0000000089000000, 0x0000000089000000| Untracked 
| 115|0x0000000089100000, 0x0000000089100000, 0x0000000089200000|  0%| F|  |TAMS 0x0000000089100000, 0x0000000089100000| Untracked 
| 116|0x0000000089200000, 0x0000000089200000, 0x0000000089300000|  0%| F|  |TAMS 0x0000000089200000, 0x0000000089200000| Untracked 
| 117|0x0000000089300000, 0x0000000089300000, 0x0000000089400000|  0%| F|  |TAMS 0x0000000089300000, 0x0000000089300000| Untracked 
| 118|0x0000000089400000, 0x0000000089400000, 0x0000000089500000|  0%| F|  |TAMS 0x0000000089400000, 0x0000000089400000| Untracked 
| 119|0x0000000089500000, 0x0000000089500000, 0x0000000089600000|  0%| F|  |TAMS 0x0000000089500000, 0x0000000089500000| Untracked 
| 120|0x0000000089600000, 0x0000000089600000, 0x0000000089700000|  0%| F|  |TAMS 0x0000000089600000, 0x0000000089600000| Untracked 
| 121|0x0000000089700000, 0x0000000089700000, 0x0000000089800000|  0%| F|  |TAMS 0x0000000089700000, 0x0000000089700000| Untracked 
| 122|0x0000000089800000, 0x0000000089800000, 0x0000000089900000|  0%| F|  |TAMS 0x0000000089800000, 0x0000000089800000| Untracked 
| 123|0x0000000089900000, 0x00000000899f64a8, 0x0000000089a00000| 96%| E|  |TAMS 0x0000000089900000, 0x0000000089900000| Complete 
| 124|0x0000000089a00000, 0x0000000089b00000, 0x0000000089b00000|100%| E|CS|TAMS 0x0000000089a00000, 0x0000000089a00000| Complete 
| 125|0x0000000089b00000, 0x0000000089c00000, 0x0000000089c00000|100%| E|CS|TAMS 0x0000000089b00000, 0x0000000089b00000| Complete 
| 126|0x0000000089c00000, 0x0000000089d00000, 0x0000000089d00000|100%| E|CS|TAMS 0x0000000089c00000, 0x0000000089c00000| Complete 
| 127|0x0000000089d00000, 0x0000000089e00000, 0x0000000089e00000|100%| E|CS|TAMS 0x0000000089d00000, 0x0000000089d00000| Complete 

Card table byte_map: [0x00000248ff650000,0x00000248ffa50000] _byte_map_base: 0x00000248ff241000

Marking Bits (Prev, Next): (CMBitMap*) 0x00000248fa526c88, (CMBitMap*) 0x00000248fa526cc0
 Prev Bits: [0x000002488f000000, 0x0000024890f88000)
 Next Bits: [0x0000024890f90000, 0x0000024892f18000)

Polling page: 0x00000248f8b60000

Metaspace:

Usage:
  Non-class:      7.21 MB capacity,     7.11 MB ( 99%) used,    97.08 KB (  1%) free+waste,    11.19 KB ( <1%) overhead. 
      Class:    791.00 KB capacity,   737.59 KB ( 93%) used,    47.78 KB (  6%) free+waste,     5.63 KB ( <1%) overhead. 
       Both:      7.99 MB capacity,     7.83 MB ( 98%) used,   144.86 KB (  2%) free+waste,    16.81 KB ( <1%) overhead. 

Virtual space:
  Non-class space:        8.00 MB reserved,       7.25 MB ( 91%) committed 
      Class space:        1.00 GB reserved,     896.00 KB ( <1%) committed 
             Both:        1.01 GB reserved,       8.13 MB ( <1%) committed 

Chunk freelists:
   Non-Class:  36.00 KB
       Class:  1.00 KB
        Both:  37.00 KB

MaxMetaspaceSize: 17179869184.00 GB
CompressedClassSpaceSize: 1.00 GB

CodeHeap 'non-profiled nmethods': size=120000Kb used=137Kb max_used=137Kb free=119862Kb
 bounds [0x0000024887ad0000, 0x0000024887d40000, 0x000002488f000000]
CodeHeap 'profiled nmethods': size=120000Kb used=648Kb max_used=648Kb free=119351Kb
 bounds [0x00000248805a0000, 0x0000024880810000, 0x0000024887ad0000]
CodeHeap 'non-nmethods': size=5760Kb used=1073Kb max_used=1085Kb free=4686Kb
 bounds [0x0000024880000000, 0x0000024880270000, 0x00000248805a0000]
 total_blobs=1170 nmethods=434 adapters=283
 compilation: enabled
              stopped_count=0, restarted_count=0
 full_count=0

Compilation events (20 events):
Event: 9.395 Thread 0x0000024896316000 nmethod 406 0x0000024887af1590 code [0x0000024887af1720, 0x0000024887af1798]
Event: 9.395 Thread 0x000002489631a000 nmethod 424 0x000002488063e510 code [0x000002488063e760, 0x000002488063f178]
Event: 9.396 Thread 0x000002489631a000  425       3       jdk.internal.org.objectweb.asm.MethodWriter::visitFieldInsn (256 bytes)
Event: 9.396 Thread 0x000002489631a000 nmethod 425 0x000002488063f490 code [0x000002488063f700, 0x00000248806402b0]
Event: 9.396 Thread 0x000002489631a000  426       3       java.util.ArrayList$Itr::hasNext (20 bytes)
Event: 9.396 Thread 0x000002489631a000 nmethod 426 0x0000024880640690 code [0x0000024880640840, 0x0000024880640a18]
Event: 9.396 Thread 0x000002489631a000  419       3       java.util.Arrays::copyOf (10 bytes)
Event: 9.396 Thread 0x000002489631a000 nmethod 419 0x0000024880640b10 code [0x0000024880640cc0, 0x0000024880640e50]
Event: 9.396 Thread 0x000002489631a000  428       3       java.util.ImmutableCollections$ListItr::hasNext (17 bytes)
Event: 9.396 Thread 0x000002489631a000 nmethod 428 0x0000024880640f10 code [0x00000248806410c0, 0x0000024880641278]
Event: 9.396 Thread 0x000002489631a000  430       3       java.lang.invoke.MethodHandles$Lookup::lookupClassOrNull (17 bytes)
Event: 9.397 Thread 0x000002489631a000 nmethod 430 0x0000024880641310 code [0x00000248806414c0, 0x0000024880641698]
Event: 9.397 Thread 0x000002489631a000  423       3       java.lang.invoke.MemberName::isMethod (7 bytes)
Event: 9.397 Thread 0x000002489631a000 nmethod 423 0x0000024880641710 code [0x00000248806418e0, 0x0000024880641b78]
Event: 9.397 Thread 0x000002489631a000  427       3       java.util.Collections$UnmodifiableCollection$1::hasNext (10 bytes)
Event: 9.397 Thread 0x000002489631a000 nmethod 427 0x0000024880641c90 code [0x0000024880641e60, 0x0000024880642090]
Event: 9.397 Thread 0x000002489631a000  421       1       java.util.ArrayList::size (5 bytes)
Event: 9.397 Thread 0x000002489631a000 nmethod 421 0x0000024887af2010 code [0x0000024887af21c0, 0x0000024887af22d8]
Event: 9.398 Thread 0x0000024896316000  434       4       java.lang.String::length (11 bytes)
Event: 9.398 Thread 0x0000024896316000 nmethod 434 0x0000024887af2390 code [0x0000024887af2520, 0x0000024887af2598]

GC Heap History (0 events):
No events

Deoptimization events (20 events):
Event: 0.150 Thread 0x00000248fa4e7800 Uncommon trap: trap_request=0xffffffde fr.pc=0x0000024887ade468 relative=0x0000000000000a68
Event: 0.150 Thread 0x00000248fa4e7800 Uncommon trap: reason=class_check action=maybe_recompile pc=0x0000024887ade468 method=java.util.HashMap.putVal(ILjava/lang/Object;Ljava/lang/Object;ZZ)Ljava/lang/Object; @ 152 c2
Event: 0.150 Thread 0x00000248fa4e7800 DEOPT PACKING pc=0x0000024887ade468 sp=0x000000739e7fe9e0
Event: 0.150 Thread 0x00000248fa4e7800 DEOPT UNPACKING pc=0x0000024880028f2f sp=0x000000739e7fe960 mode 2
Event: 0.154 Thread 0x00000248fa4e7800 Uncommon trap: trap_request=0xffffffde fr.pc=0x0000024887ade468 relative=0x0000000000000a68
Event: 0.154 Thread 0x00000248fa4e7800 Uncommon trap: reason=class_check action=maybe_recompile pc=0x0000024887ade468 method=java.util.HashMap.putVal(ILjava/lang/Object;Ljava/lang/Object;ZZ)Ljava/lang/Object; @ 152 c2
Event: 0.154 Thread 0x00000248fa4e7800 DEOPT PACKING pc=0x0000024887ade468 sp=0x000000739e7fca70
Event: 0.154 Thread 0x00000248fa4e7800 DEOPT UNPACKING pc=0x0000024880028f2f sp=0x000000739e7fc9f0 mode 2
Event: 0.158 Thread 0x00000248fa4e7800 Uncommon trap: trap_request=0xffffff4d fr.pc=0x0000024887add690 relative=0x0000000000000070
Event: 0.158 Thread 0x00000248fa4e7800 Uncommon trap: reason=unstable_if action=reinterpret pc=0x0000024887add690 method=java.lang.String.isLatin1()Z @ 10 c2
Event: 0.158 Thread 0x00000248fa4e7800 DEOPT PACKING pc=0x0000024887add690 sp=0x000000739e7ff220
Event: 0.158 Thread 0x00000248fa4e7800 DEOPT UNPACKING pc=0x0000024880028f2f sp=0x000000739e7ff160 mode 2
Event: 0.164 Thread 0x0000024896845800 Uncommon trap: trap_request=0xffffffde fr.pc=0x0000024887ade468 relative=0x0000000000000a68
Event: 0.164 Thread 0x0000024896845800 Uncommon trap: reason=class_check action=maybe_recompile pc=0x0000024887ade468 method=java.util.HashMap.putVal(ILjava/lang/Object;Ljava/lang/Object;ZZ)Ljava/lang/Object; @ 152 c2
Event: 0.164 Thread 0x0000024896845800 DEOPT PACKING pc=0x0000024887ade468 sp=0x000000739f7f8660
Event: 0.164 Thread 0x0000024896845800 DEOPT UNPACKING pc=0x0000024880028f2f sp=0x000000739f7f85e0 mode 2
Event: 1.022 Thread 0x0000024896314800 Uncommon trap: trap_request=0xffffffde fr.pc=0x0000024887ade468 relative=0x0000000000000a68
Event: 1.022 Thread 0x0000024896314800 Uncommon trap: reason=class_check action=maybe_recompile pc=0x0000024887ade468 method=java.util.HashMap.putVal(ILjava/lang/Object;Ljava/lang/Object;ZZ)Ljava/lang/Object; @ 152 c2
Event: 1.022 Thread 0x0000024896314800 DEOPT PACKING pc=0x0000024887ade468 sp=0x000000739f1f7530
Event: 1.022 Thread 0x0000024896314800 DEOPT UNPACKING pc=0x0000024880028f2f sp=0x000000739f1f74b0 mode 2

Classes redefined (0 events):
No events

Internal exceptions (5 events):
Event: 9.386 Thread 0x00000248fa4e7800 Exception <a 'java/lang/NoSuchMethodError'{0x000000008993d4f0}: 'java.lang.Object java.lang.invoke.DirectMethodHandle$Holder.invokeStatic(java.lang.Object, java.lang.Object, java.lang.Object, java.lang.Object, java.lang.Object, java.lang.Object, java.lang
Event: 9.388 Thread 0x00000248fa4e7800 Exception <a 'java/lang/NoSuchMethodError'{0x0000000089951d10}: 'java.lang.Object java.lang.invoke.DirectMethodHandle$Holder.invokeStatic(java.lang.Object, java.lang.Object, java.lang.Object, java.lang.Object, java.lang.Object, java.lang.Object, java.lang
Event: 9.389 Thread 0x00000248fa4e7800 Exception <a 'java/lang/NoSuchMethodError'{0x000000008995fa70}: 'java.lang.Object java.lang.invoke.DirectMethodHandle$Holder.invokeSpecial(java.lang.Object, java.lang.Object, int, int, int, java.lang.Object, java.lang.Object, java.lang.Object)'> (0x000000
Event: 9.389 Thread 0x00000248fa4e7800 Exception <a 'java/lang/NoSuchMethodError'{0x00000000899630b0}: 'java.lang.Object java.lang.invoke.DelegatingMethodHandle$Holder.reinvoke_L(java.lang.Object, int, int, int, java.lang.Object, java.lang.Object, java.lang.Object)'> (0x00000000899630b0) throw
Event: 9.389 Thread 0x00000248fa4e7800 Exception <a 'java/lang/NoSuchMethodError'{0x000000008996a5e8}: 'java.lang.Object java.lang.invoke.DirectMethodHandle$Holder.invokeStatic(java.lang.Object, java.lang.Object, java.lang.Object, java.lang.Object, java.lang.Object, int)'> (0x000000008996a5e8)

Events (20 events):
Event: 9.386 loading class sun/reflect/misc/ReflectUtil
Event: 9.386 loading class sun/reflect/misc/ReflectUtil done
Event: 9.387 loading class java/lang/invoke/BoundMethodHandle$Species_LLLLLLLLLLLLL
Event: 9.387 loading class java/lang/invoke/BoundMethodHandle$Species_LLLLLLLLLLLLL done
Event: 9.389 loading class java/lang/invoke/BoundMethodHandle$Species_LLI
Event: 9.389 loading class java/lang/invoke/BoundMethodHandle$Species_LLI done
Event: 9.390 loading class java/lang/invoke/BoundMethodHandle$Species_LLII
Event: 9.390 loading class java/lang/invoke/BoundMethodHandle$Species_LLII done
Event: 9.390 loading class java/lang/invoke/ClassSpecializer$Factory$1Var
Event: 9.390 loading class java/lang/invoke/ClassSpecializer$Factory$1Var done
Event: 9.392 loading class java/lang/invoke/BoundMethodHandle$Species_LLIIL
Event: 9.392 loading class java/lang/invoke/BoundMethodHandle$Species_LLIIL done
Event: 9.393 loading class java/lang/invoke/BoundMethodHandle$Species_LLIILL
Event: 9.393 loading class java/lang/invoke/BoundMethodHandle$Species_LLIILL done
Event: 9.395 loading class java/lang/invoke/BoundMethodHandle$Species_LLIILLL
Event: 9.395 loading class java/lang/invoke/BoundMethodHandle$Species_LLIILLL done
Event: 9.396 loading class ionic/Msmq/Queue
Event: 9.396 loading class ionic/Msmq/Queue done
Event: 9.397 loading class java/lang/ClassLoaderHelper
Event: 9.397 loading class java/lang/ClassLoaderHelper done


Dynamic libraries:
0x00007ff7eaca0000 - 0x00007ff7eacaa000 	C:\Program Files\JetBrains\IntelliJ IDEA Community Edition 2019.3.2\jbr\bin\java.exe
0x00007fff11a30000 - 0x00007fff11c25000 	C:\WINDOWS\SYSTEM32\ntdll.dll
0x00007fff10590000 - 0x00007fff1064d000 	C:\WINDOWS\System32\KERNEL32.DLL
0x00007fff0f360000 - 0x00007fff0f628000 	C:\WINDOWS\System32\KERNELBASE.dll
0x00007fff0f1c0000 - 0x00007fff0f2c0000 	C:\WINDOWS\System32\ucrtbase.dll
0x00007ffef0810000 - 0x00007ffef0827000 	C:\Program Files\JetBrains\IntelliJ IDEA Community Edition 2019.3.2\jbr\bin\VCRUNTIME140.dll
0x00007ffef0d40000 - 0x00007ffef0d59000 	C:\Program Files\JetBrains\IntelliJ IDEA Community Edition 2019.3.2\jbr\bin\jli.dll
0x00007fff10b20000 - 0x00007fff10cc0000 	C:\WINDOWS\System32\USER32.dll
0x00007fff0f630000 - 0x00007fff0f652000 	C:\WINDOWS\System32\win32u.dll
0x00007fff0fd40000 - 0x00007fff0fd6a000 	C:\WINDOWS\System32\GDI32.dll
0x00007fff01870000 - 0x00007fff01b0a000 	C:\WINDOWS\WinSxS\amd64_microsoft.windows.common-controls_6595b64144ccf1df_6.0.19041.844_none_ca00b6081b84eb1d\COMCTL32.dll
0x00007fff0f660000 - 0x00007fff0f76b000 	C:\WINDOWS\System32\gdi32full.dll
0x00007fff11100000 - 0x00007fff1119e000 	C:\WINDOWS\System32\msvcrt.dll
0x00007fff0f2c0000 - 0x00007fff0f35d000 	C:\WINDOWS\System32\msvcp_win.dll
0x00007fff10560000 - 0x00007fff10590000 	C:\WINDOWS\System32\IMM32.DLL
0x00007ffed0250000 - 0x00007ffed02ed000 	C:\Program Files\JetBrains\IntelliJ IDEA Community Edition 2019.3.2\jbr\bin\msvcp140.dll
0x00007ffe97280000 - 0x00007ffe97d3b000 	C:\Program Files\JetBrains\IntelliJ IDEA Community Edition 2019.3.2\jbr\bin\server\jvm.dll
0x00007fff11580000 - 0x00007fff1162c000 	C:\WINDOWS\System32\ADVAPI32.dll
0x00007fff10df0000 - 0x00007fff10e8b000 	C:\WINDOWS\System32\sechost.dll
0x00007fff11200000 - 0x00007fff1132b000 	C:\WINDOWS\System32\RPCRT4.dll
0x00007fff104c0000 - 0x00007fff104c8000 	C:\WINDOWS\System32\PSAPI.DLL
0x00007fff064c0000 - 0x00007fff064ca000 	C:\WINDOWS\SYSTEM32\VERSION.dll
0x00007fff050c0000 - 0x00007fff050e7000 	C:\WINDOWS\SYSTEM32\WINMM.dll
0x00007ffef9e20000 - 0x00007ffef9e29000 	C:\WINDOWS\SYSTEM32\WSOCK32.dll
0x00007fff11090000 - 0x00007fff110fb000 	C:\WINDOWS\System32\WS2_32.dll
0x00007fff0da00000 - 0x00007fff0da12000 	C:\WINDOWS\SYSTEM32\kernel.appcore.dll
0x00007fff045d0000 - 0x00007fff045e1000 	C:\Program Files\JetBrains\IntelliJ IDEA Community Edition 2019.3.2\jbr\bin\verify.dll
0x00007fff0cf70000 - 0x00007fff0d154000 	C:\WINDOWS\SYSTEM32\DBGHELP.DLL
0x00007ffefa670000 - 0x00007ffefa69c000 	C:\WINDOWS\SYSTEM32\dbgcore.DLL
0x00007fff0f900000 - 0x00007fff0f980000 	C:\WINDOWS\System32\bcryptPrimitives.dll
0x00007fff04440000 - 0x00007fff04469000 	C:\Program Files\JetBrains\IntelliJ IDEA Community Edition 2019.3.2\jbr\bin\java.dll
0x00007ffee8480000 - 0x00007ffee848f000 	C:\Program Files\JetBrains\IntelliJ IDEA Community Edition 2019.3.2\jbr\bin\instrument.dll
0x00007fff04420000 - 0x00007fff04437000 	C:\Program Files\JetBrains\IntelliJ IDEA Community Edition 2019.3.2\jbr\bin\zip.dll
0x00007fff0a270000 - 0x00007fff0a27b000 	C:\Program Files\JetBrains\IntelliJ IDEA Community Edition 2019.3.2\jbr\bin\jimage.dll
0x00007fff0fd70000 - 0x00007fff104b2000 	C:\WINDOWS\System32\SHELL32.dll
0x00007fff0d250000 - 0x00007fff0d9e1000 	C:\WINDOWS\SYSTEM32\windows.storage.dll
0x00007fff11630000 - 0x00007fff11985000 	C:\WINDOWS\System32\combase.dll
0x00007fff0ebe0000 - 0x00007fff0ec0c000 	C:\WINDOWS\SYSTEM32\Wldp.dll
0x00007fff10f10000 - 0x00007fff10fbe000 	C:\WINDOWS\System32\SHCORE.dll
0x00007fff111a0000 - 0x00007fff111f5000 	C:\WINDOWS\System32\shlwapi.dll
0x00007fff0f0b0000 - 0x00007fff0f0cf000 	C:\WINDOWS\SYSTEM32\profapi.dll
0x00007ffefb9f0000 - 0x00007ffefba0a000 	C:\Program Files\JetBrains\IntelliJ IDEA Community Edition 2019.3.2\jbr\bin\net.dll
0x00007fff07bc0000 - 0x00007fff07ccb000 	C:\WINDOWS\SYSTEM32\WINHTTP.dll
0x00007fff0e900000 - 0x00007fff0e96a000 	C:\WINDOWS\system32\mswsock.dll
0x00007ffefa460000 - 0x00007ffefa474000 	C:\Program Files\JetBrains\IntelliJ IDEA Community Edition 2019.3.2\jbr\bin\nio.dll
0x00007ffedbfa0000 - 0x00007ffedbfba000 	C:\Program Files\JetBrains\IntelliJ IDEA Community Edition 2019.3.2\bin\breakgen64.dll
0x00007ffef3720000 - 0x00007ffef3737000 	C:\WINDOWS\system32\napinsp.dll
0x00007ffef3700000 - 0x00007ffef371b000 	C:\WINDOWS\system32\pnrpnsp.dll
0x00007fff093e0000 - 0x00007fff093f5000 	C:\WINDOWS\system32\wshbth.dll
0x00007fff09f30000 - 0x00007fff09f4d000 	C:\WINDOWS\system32\NLAapi.dll
0x00007fff0e590000 - 0x00007fff0e5cb000 	C:\WINDOWS\SYSTEM32\IPHLPAPI.DLL
0x00007fff0e5d0000 - 0x00007fff0e69c000 	C:\WINDOWS\SYSTEM32\DNSAPI.dll
0x00007fff114e0000 - 0x00007fff114e8000 	C:\WINDOWS\System32\NSI.dll
0x00007ffef3690000 - 0x00007ffef36a2000 	C:\WINDOWS\System32\winrnr.dll
0x00007fff063a0000 - 0x00007fff063aa000 	C:\Windows\System32\rasadhlp.dll
0x00007fff02060000 - 0x00007fff020df000 	C:\WINDOWS\System32\fwpuclnt.dll
0x00007fff0f770000 - 0x00007fff0f797000 	C:\WINDOWS\System32\bcrypt.dll
0x00007ffedbdd0000 - 0x00007ffedbdda000 	F:\MSMQ\jMSMQClient\MsmqJava.dll
0x00007ffefa510000 - 0x00007ffefa5ff000 	C:\WINDOWS\SYSTEM32\MSVCR120.dll
0x00007ffeb5840000 - 0x00007ffeb587e000 	C:\WINDOWS\SYSTEM32\mqrt.dll
0x00007fff0f7a0000 - 0x00007fff0f8ff000 	C:\WINDOWS\System32\CRYPT32.dll
0x00007fff10cc0000 - 0x00007fff10dea000 	C:\WINDOWS\System32\ole32.dll
0x00007fff10fc0000 - 0x00007fff1108d000 	C:\WINDOWS\System32\OLEAUT32.dll
0x00007ffef8b20000 - 0x00007ffef8b63000 	C:\WINDOWS\SYSTEM32\mqsec.dll
0x00007fff10550000 - 0x00007fff10558000 	C:\WINDOWS\System32\Normaliz.dll
0x00007ffefa250000 - 0x00007ffefa268000 	C:\WINDOWS\SYSTEM32\NETAPI32.dll
0x00007ffef9c30000 - 0x00007ffef9c3c000 	C:\WINDOWS\SYSTEM32\Secur32.dll
0x00007fff05140000 - 0x00007fff05159000 	C:\WINDOWS\SYSTEM32\SAMCLI.DLL
0x00007fff09c40000 - 0x00007fff09c4a000 	C:\WINDOWS\SYSTEM32\DSROLE.DLL
0x00007fff0e6a0000 - 0x00007fff0e6e2000 	C:\WINDOWS\SYSTEM32\LOGONCLI.DLL
0x00007fff0e300000 - 0x00007fff0e317000 	C:\WINDOWS\SYSTEM32\WKSCLI.DLL
0x00007fff0e6f0000 - 0x00007fff0e6fc000 	C:\WINDOWS\SYSTEM32\NETUTILS.DLL
0x00007fff0f030000 - 0x00007fff0f061000 	C:\WINDOWS\SYSTEM32\SSPICLI.DLL
0x00007fff0a3f0000 - 0x00007fff0a414000 	C:\WINDOWS\SYSTEM32\SAMLIB.dll

dbghelp: loaded successfully - version: 4.0.5 - missing functions: none
symbol engine: initialized successfully - sym options: 0x614 - pdb path: .;C:\Program Files\JetBrains\IntelliJ IDEA Community Edition 2019.3.2\jbr\bin;C:\WINDOWS\SYSTEM32;C:\WINDOWS\WinSxS\amd64_microsoft.windows.common-controls_6595b64144ccf1df_6.0.19041.844_none_ca00b6081b84eb1d;C:\Program Files\JetBrains\IntelliJ IDEA Community Edition 2019.3.2\jbr\bin\server;C:\Program Files\JetBrains\IntelliJ IDEA Community Edition 2019.3.2\bin;F:\MSMQ\jMSMQClient

VM Arguments:
jvm_args: -javaagent:C:\Program Files\JetBrains\IntelliJ IDEA Community Edition 2019.3.2\lib\idea_rt.jar=49556:C:\Program Files\JetBrains\IntelliJ IDEA Community Edition 2019.3.2\bin -Dfile.encoding=UTF-8 
java_command: TestClient_t
java_class_path (initial): F:\MSMQ\jMSMQClient\bin;F:\MSMQ\jMSMQClient\MsmqJava.jar
Launcher Type: SUN_STANDARD

[Global flags]
     intx CICompilerCount                          = 4                                         {product} {ergonomic}
     uint ConcGCThreads                            = 3                                         {product} {ergonomic}
     uint G1ConcRefinementThreads                  = 10                                        {product} {ergonomic}
   size_t G1HeapRegionSize                         = 1048576                                   {product} {ergonomic}
    uintx GCDrainStackTargetSize                   = 64                                        {product} {ergonomic}
   size_t InitialHeapSize                          = 134217728                                 {product} {ergonomic}
   size_t MarkStackSize                            = 4194304                                   {product} {ergonomic}
   size_t MaxHeapSize                              = 2116026368                                {product} {ergonomic}
   size_t MaxNewSize                               = 1268776960                                {product} {ergonomic}
   size_t MinHeapDeltaBytes                        = 1048576                                   {product} {ergonomic}
    uintx NonNMethodCodeHeapSize                   = 5836300                                {pd product} {ergonomic}
    uintx NonProfiledCodeHeapSize                  = 122910970                              {pd product} {ergonomic}
    uintx ProfiledCodeHeapSize                     = 122910970                              {pd product} {ergonomic}
    uintx ReservedCodeCacheSize                    = 251658240                              {pd product} {ergonomic}
     bool SegmentedCodeCache                       = true                                      {product} {ergonomic}
     bool UseCompressedClassPointers               = true                                 {lp64_product} {ergonomic}
     bool UseCompressedOops                        = true                                 {lp64_product} {ergonomic}
     bool UseG1GC                                  = true                                      {product} {ergonomic}
     bool UseLargePagesIndividualAllocation        = false                                  {pd product} {ergonomic}

Logging:
Log output configuration:
 #0: stdout all=warning uptime,level,tags
 #1: stderr all=off uptime,level,tags

Environment Variables:
JAVA_HOME=C:\Program Files\Java\jdk-10.0.2
PATH=C:\Program Files (x86)\Common Files\Oracle\Java\javapath;C:\Program Files (x86)\Intel\Intel(R) Management Engine Components\iCLS\;C:\Program Files\Intel\Intel(R) Management Engine Components\iCLS\;C:\Windows\system32;C:\Windows;C:\Windows\System32\Wbem;C:\Windows\System32\WindowsPowerShell\v1.0\;C:\Program Files (x86)\Intel\Intel(R) Management Engine Components\DAL;C:\Program Files\Intel\Intel(R) Management Engine Components\DAL;C:\Program Files (x86)\Intel\Intel(R) Management Engine Components\IPT;C:\Program Files\Intel\Intel(R) Management Engine Components\IPT;C:\Program Files (x86)\NVIDIA Corporation\PhysX\Common;F:\softwares\apache-maven-3.6.1-bin\apache-maven-3.6.1\bin;C:\Program Files\Java\jdk-10.0.2\bin;C:\Program Files\nodejs\;C:\WINDOWS\system32;C:\WINDOWS;C:\WINDOWS\System32\Wbem;C:\WINDOWS\System32\WindowsPowerShell\v1.0\;C:\WINDOWS\System32\OpenSSH\;C:\Program Files\Amazon\AWSCLIV2\;C:\Program Files\Microsoft SQL Server\130\Tools\Binn\;C:\Program Files\Microsoft SQL Server\Client SDK\ODBC\170\Tools\Binn\;C:\Program Files\Git\cmd;C:\Program Files\Docker\Docker\resources\bin;C:\ProgramData\DockerDesktop\version-bin;C:\Program Files\MySQL\MySQL Shell 8.0\bin\;C:\Users\PULLA NARESH GOUD\AppData\Local\Microsoft\WindowsApps;;C:\Users\PULLA NARESH GOUD\AppData\Local\Programs\Microsoft VS Code\bin;C:\Users\PULLA NARESH GOUD\AppData\Roaming\npm;C:\Program Files\JetBrains\IntelliJ IDEA Community Edition 2019.3.2\bin;;C:\Program Files\JetBrains\PyCharm Community Edition 2020.2\bin;;C:\Program Files\JetBrains\WebStorm 2020.2.3\bin;
USERNAME=PULLA NARESH GOUD
OS=Windows_NT
PROCESSOR_IDENTIFIER=Intel64 Family 6 Model 158 Stepping 10, GenuineIntel



---------------  S Y S T E M  ---------------

OS: Windows 10 , 64 bit Build 19041 (10.0.19041.928)
HyperV virtualization detected

CPU:total 12 (initial active 12) (6 cores per cpu, 2 threads per core) family 6 model 158 stepping 10, cmov, cx8, fxsr, mmx, sse, sse2, sse3, ssse3, sse4.1, sse4.2, popcnt, avx, avx2, aes, clmul, erms, 3dnowpref, lzcnt, ht, tsc, tscinvbit, bmi1, bmi2, adx, fma

Memory: 4k page, system-wide physical 8065M (928M free)
TotalPageFile size 16277M (AvailPageFile size 2270M)
current process WorkingSet (physical memory assigned to process): 48M, peak: 48M
current process commit charge ("private bytes"): 213M, peak: 215M

vm_info: OpenJDK 64-Bit Server VM (11.0.5+10-b520.38) for windows-amd64 JRE (11.0.5+10-b520.38), built on Jan 23 2020 07:58:32 by "" with MS VC++ 14.0 (VS2015)

END.
